<?xml version="1.0" encoding="UTF-8"?>
<testsuite xmlns:xsi="http://www.w3.org/2001/XMLSchema-instance" xsi:noNamespaceSchemaLocation="https://maven.apache.org/surefire/maven-surefire-plugin/xsd/surefire-test-report.xsd" version="3.0.2" name="au.edu.rmit.sct.PersonTest$AddDemeritPointsTests" time="0.053" tests="5" errors="0" skipped="0" failures="0">
  <properties>
[...]
</properties>
  <testcase name="testAddDemeritPoints1" classname="au.edu.rmit.sct.PersonTest$AddDemeritPointsTests" time="0.033">
    <system-out><![CDATA[---testAddDemeritPoints1()---
test data 1 result: Failed (Error: date format should be dd--mm--yyyy)
test data 2 result: Failed (Error: month must not exceed 12)
test data 3 result: Failed (Error: offense date must not be in the future)
]]></system-out>
  </testcase>
  <testcase name="testAddDemeritPoints2" classname="au.edu.rmit.sct.PersonTest$AddDemeritPointsTests" time="0.002">
    <system-out><![CDATA[---testAddDemeritPoints2()---
test data 1 result: Failed (Error: point must not be lesser than 1)
test data 2 result: Failed (Error: point must not be greater than 6)
test data 3 result: Failed (Error: only whole numbers are accepted)
test data 4 result: Failed (Error: point(string) must not be empty)
]]></system-out>
  </testcase>
  <testcase name="testAddDemeritPoints3" classname="au.edu.rmit.sct.PersonTest$AddDemeritPointsTests" time="0.005">
    <system-out><![CDATA[---testAddDemeritPoints3()---
isSuspended? false
test data 1 result: Failed (Error: isSuspended returned false, cumulative demerit points did not occur within 2 years timeframe)
isSuspended? false
test data 2 result: Failed (Error: isSuspended returned false, cumulative demerit points is 4 which is less than or equal to 6)
isSuspended? false
test data 3 result: Failed (Error: isSuspended returned false, cumulative demerit points is 6 which is less or equal to 6)
]]></system-out>
  </testcase>
  <testcase name="testAddDemeritPoints4" classname="au.edu.rmit.sct.PersonTest$AddDemeritPointsTests" time="0.002">
    <system-out><![CDATA[---testAddDemeritPoints4()---
isSuspended? false
test data 1 result: Failed (Error: isSuspended returned false, cumulative demerit points did not occur within 2 years timeframe)
isSuspended? false
test data 2 result: Failed (Error: isSuspended returned false, cumulative demerit points is 7 which is less than or equal to 12)
isSuspended? false
test data 3 result: Failed (Error: isSuspended returned false, cumulative demerit points is 12 which is less than or equal to 12)
]]></system-out>
  </testcase>
  <testcase name="testAddDemeritPoints5" classname="au.edu.rmit.sct.PersonTest$AddDemeritPointsTests" time="0.006">
    <system-out><![CDATA[---testAddDemeritPoints5()---
isSuspended? true
test data 1 result: Success ✓✓✓ ALL CONDITIONS MET! Demerit info added to txt.file. ✓✓✓
isSuspended? true
test data 2 result: Success ✓✓✓ ALL CONDITIONS MET! Demerit info added to txt.file. ✓✓✓
]]></system-out>
  </testcase>
</testsuite>