<?xml version="1.0" encoding="UTF-8"?>
<testsuite xmlns:xsi="http://www.w3.org/2001/XMLSchema-instance" xsi:noNamespaceSchemaLocation="https://maven.apache.org/surefire/maven-surefire-plugin/xsd/surefire-test-report.xsd" version="3.0.2" name="au.edu.rmit.sct.PersonTest$AddPersonalTests" time="0.01" tests="5" errors="0" skipped="0" failures="0">
  <properties>
[...]
</properties>
  <testcase name="testAddPerson1" classname="au.edu.rmit.sct.PersonTest$AddPersonalTests" time="0.002">
    <system-out><![CDATA[testAddPerson1: personID error: the last two characters should be uppercase letters A-Z
testAddPerson1: successful!
]]></system-out>
  </testcase>
  <testcase name="testAddPerson2" classname="au.edu.rmit.sct.PersonTest$AddPersonalTests" time="0.002">
    <system-out><![CDATA[testAddPerson2: personID error: the first two characters should be numbers between 2-9
testAddPerson2: successly!
]]></system-out>
  </testcase>
  <testcase name="testAddPerson3" classname="au.edu.rmit.sct.PersonTest$AddPersonalTests" time="0.001">
    <system-out><![CDATA[testAddPerson3: the state should be Victoria
testAddPerson3: successful!
]]></system-out>
  </testcase>
  <testcase name="testAddPerson4" classname="au.edu.rmit.sct.PersonTest$AddPersonalTests" time="0.001">
    <system-out><![CDATA[testAddPerson4: successfully added
testAddPerson4: successful!
]]></system-out>
  </testcase>
  <testcase name="testAddPerson5" classname="au.edu.rmit.sct.PersonTest$AddPersonalTests" time="0.001">
    <system-out><![CDATA[testAddPerson5: the format of birthdate should follow DD-MM-YYYY
testAddPerson5: successful!
]]></system-out>
  </testcase>
</testsuite>